<?xml version="1.0" encoding="UTF-8" ?>
<testsuite 
errors="0" failures="0" hostname="Bima.local" name="org.scalatest.tools.DiscoverySuite" tests="0" time="0.019" timestamp="2014-05-24T22:14:34">
  <properties>
    <property name="java.runtime.name" value="Java(TM) SE Runtime Environment">
    </property>
    <property 
    name="sun.boot.library.path" value="/Library/Java/JavaVirtualMachines/jdk1.7.0_51.jdk/Contents/Home/jre/lib">
</property>
    <property name="java.vm.version" value="24.51-b03"> </property>
    <property name="gopherProxySet" value="false"> </property>
    <property name="java.vm.vendor" value="Oracle Corporation"> </property>
    <property name="java.vendor.url" value="http://java.oracle.com/">
    </property>
    <property name="path.separator" value=":"> </property>
    <property name="java.vm.name" value="Java HotSpot(TM) 64-Bit Server VM">
    </property>
    <property name="file.encoding.pkg" value="sun.io"> </property>
    <property name="user.country" value="US"> </property>
    <property name="sun.java.launcher" value="SUN_STANDARD"> </property>
    <property name="sun.os.patch.level" value="unknown"> </property>
    <property 
    name="java.vm.specification.name" value="Java Virtual Machine Specification">
</property>
    <property 
    name="user.dir" value="/Users/unggi/Dropbox/Nomura/DAWN Trades Committee/Executable Specifications 2014-05-24">
</property>
    <property name="java.runtime.version" value="1.7.0_51-b13"> </property>
    <property name="java.awt.graphicsenv" value="sun.awt.CGraphicsEnvironment">
    </property>
    <property 
    name="basedir" value="/Users/unggi/Dropbox/Nomura/DAWN Trades Committee/Executable Specifications 2014-05-24">
</property>
    <property 
    name="java.endorsed.dirs" value="/Library/Java/JavaVirtualMachines/jdk1.7.0_51.jdk/Contents/Home/jre/lib/endorsed">
</property>
    <property name="os.arch" value="x86_64"> </property>
    <property 
    name="java.io.tmpdir" value="/var/folders/9b/flgxb43d7mj5_jcffnqjjr100000gn/T/">
</property>
    <property name="line.separator" value=" "> </property>
    <property name="java.vm.specification.vendor" value="Oracle Corporation">
    </property>
    <property name="os.name" value="Mac OS X"> </property>
    <property name="sun.jnu.encoding" value="UTF-8"> </property>
    <property 
    name="java.library.path" value="/Users/unggi/Library/Java/Extensions:/Library/Java/Extensions:/Network/Library/Java/Extensions:/System/Library/Java/Extensions:/usr/lib/java:.">
</property>
    <property 
    name="java.specification.name" value="Java Platform API Specification">
</property>
    <property name="java.class.version" value="51.0"> </property>
    <property 
    name="sun.management.compiler" value="HotSpot 64-Bit Tiered Compilers">
</property>
    <property name="os.version" value="10.9.3"> </property>
    <property 
    name="http.nonProxyHosts" value="local|*.local|169.254/16|*.169.254/16">
</property>
    <property name="user.home" value="/Users/unggi"> </property>
    <property name="user.timezone" value=""> </property>
    <property name="java.awt.printerjob" value="sun.lwawt.macosx.CPrinterJob">
    </property>
    <property name="file.encoding" value="UTF-8"> </property>
    <property name="java.specification.version" value="1.7"> </property>
    <property name="user.name" value="unggi"> </property>
    <property 
    name="java.class.path" value="/Users/unggi/Dropbox/Nomura/DAWN Trades Committee/Executable Specifications 2014-05-24/target/test-classes:/Users/unggi/Dropbox/Nomura/DAWN Trades Committee/Executable Specifications 2014-05-24/target/classes:/Users/unggi/.m2/repository/org/scala-lang/scala-library/2.10.3/scala-library-2.10.3.jar:/Users/unggi/.m2/repository/org/scalatest/scalatest_2.10/2.1.0/scalatest_2.10-2.1.0.jar:/Users/unggi/.m2/repository/org/scala-lang/scala-reflect/2.10.3/scala-reflect-2.10.3.jar:/Users/unggi/.m2/repository/com/typesafe/akka/akka-actor_2.10/2.3.2/akka-actor_2.10-2.3.2.jar:/Users/unggi/.m2/repository/com/typesafe/config/1.2.0/config-1.2.0.jar:/Users/unggi/.m2/repository/com/typesafe/akka/akka-mailboxes-common_2.10/2.3.2/akka-mailboxes-common_2.10-2.3.2.jar:/Users/unggi/.m2/repository/com/typesafe/akka/akka-remote_2.10/2.3.2/akka-remote_2.10-2.3.2.jar:/Users/unggi/.m2/repository/io/netty/netty/3.8.0.Final/netty-3.8.0.Final.jar:/Users/unggi/.m2/repository/com/google/protobuf/protobuf-java/2.5.0/protobuf-java-2.5.0.jar:/Users/unggi/.m2/repository/org/uncommons/maths/uncommons-maths/1.2.2a/uncommons-maths-1.2.2a.jar:/Users/unggi/.m2/repository/com/typesafe/akka/akka-testkit_2.10/2.3.2/akka-testkit_2.10-2.3.2.jar:/Users/unggi/.m2/repository/com/typesafe/akka/akka-file-mailbox_2.10/2.3.2/akka-file-mailbox_2.10-2.3.2.jar:/Users/unggi/.m2/repository/org/slf4j/slf4j-log4j12/1.7.7/slf4j-log4j12-1.7.7.jar:/Users/unggi/.m2/repository/org/slf4j/slf4j-api/1.7.7/slf4j-api-1.7.7.jar:/Users/unggi/.m2/repository/log4j/log4j/1.2.17/log4j-1.2.17.jar">
</property>
    <property name="java.vm.specification.version" value="1.7"> </property>
    <property name="sun.arch.data.model" value="64"> </property>
    <property 
    name="java.home" value="/Library/Java/JavaVirtualMachines/jdk1.7.0_51.jdk/Contents/Home/jre">
</property>
    <property 
    name="sun.java.command" value="org.scalatest.tools.Runner -R /Users/unggi/Dropbox/Nomura/DAWN Trades Committee/Executable Specifications 2014-05-24/target/classes /Users/unggi/Dropbox/Nomura/DAWN Trades Committee/Executable Specifications 2014-05-24/target/test-classes -o -fWDF /Users/unggi/Dropbox/Nomura/DAWN Trades Committee/Executable Specifications 2014-05-24/target/surefire-reports/TestSuite.txt -u /Users/unggi/Dropbox/Nomura/DAWN Trades Committee/Executable Specifications 2014-05-24/target/surefire-reports/.">
</property>
    <property name="java.specification.vendor" value="Oracle Corporation">
    </property>
    <property name="user.language" value="en"> </property>
    <property name="awt.toolkit" value="sun.lwawt.macosx.LWCToolkit">
    </property>
    <property name="java.vm.info" value="mixed mode"> </property>
    <property name="java.version" value="1.7.0_51"> </property>
    <property 
    name="java.ext.dirs" value="/Users/unggi/Library/Java/Extensions:/Library/Java/JavaVirtualMachines/jdk1.7.0_51.jdk/Contents/Home/jre/lib/ext:/Library/Java/Extensions:/Network/Library/Java/Extensions:/System/Library/Java/Extensions:/usr/lib/java">
</property>
    <property 
    name="sun.boot.class.path" value="/Library/Java/JavaVirtualMachines/jdk1.7.0_51.jdk/Contents/Home/jre/lib/resources.jar:/Library/Java/JavaVirtualMachines/jdk1.7.0_51.jdk/Contents/Home/jre/lib/rt.jar:/Library/Java/JavaVirtualMachines/jdk1.7.0_51.jdk/Contents/Home/jre/lib/sunrsasign.jar:/Library/Java/JavaVirtualMachines/jdk1.7.0_51.jdk/Contents/Home/jre/lib/jsse.jar:/Library/Java/JavaVirtualMachines/jdk1.7.0_51.jdk/Contents/Home/jre/lib/jce.jar:/Library/Java/JavaVirtualMachines/jdk1.7.0_51.jdk/Contents/Home/jre/lib/charsets.jar:/Library/Java/JavaVirtualMachines/jdk1.7.0_51.jdk/Contents/Home/jre/lib/jfr.jar:/Library/Java/JavaVirtualMachines/jdk1.7.0_51.jdk/Contents/Home/jre/classes">
</property>
    <property name="java.vendor" value="Oracle Corporation"> </property>
    <property name="file.separator" value="/"> </property>
    <property 
    name="java.vendor.url.bug" value="http://bugreport.sun.com/bugreport/">
</property>
    <property name="sun.cpu.endian" value="little"> </property>
    <property name="sun.io.unicode.encoding" value="UnicodeBig"> </property>
    <property 
    name="socksNonProxyHosts" value="local|*.local|169.254/16|*.169.254/16">
</property>
    <property 
    name="ftp.nonProxyHosts" value="local|*.local|169.254/16|*.169.254/16">
</property>
    <property name="sun.cpu.isalist" value=""> </property>
  </properties>
  <system-out><![CDATA[]]></system-out>
  <system-err><![CDATA[]]></system-err>
</testsuite>
